C:\USERS\PAVEL\DROPBOX\2012_PROJECTS\TP\APPLETREE\APPLETREE\DEBUG\MAIN.OBJ
C:\USERS\PAVEL\DROPBOX\2012_PROJECTS\TP\APPLETREE\APPLETREE\DEBUG\TREE.OBJ
C:\USERS\PAVEL\DROPBOX\2012_PROJECTS\TP\APPLETREE\APPLETREE\DEBUG\VC110.PDB
C:\USERS\PAVEL\DROPBOX\2012_PROJECTS\TP\APPLETREE\DEBUG\APPLETREE.ILK
C:\USERS\PAVEL\DROPBOX\2012_PROJECTS\TP\APPLETREE\DEBUG\APPLETREE.EXE
C:\USERS\PAVEL\DROPBOX\2012_PROJECTS\TP\APPLETREE\DEBUG\APPLETREE.PDB
C:\Users\Pavel\Dropbox\2012_Projects\TP\AppleTree\AppleTree\Debug\main.obj
C:\Users\Pavel\Dropbox\2012_Projects\TP\AppleTree\AppleTree\Debug\Tree.obj
C:\Users\Pavel\Dropbox\2012_Projects\TP\AppleTree\AppleTree\Debug\cl.command.1.tlog
C:\Users\Pavel\Dropbox\2012_Projects\TP\AppleTree\AppleTree\Debug\CL.read.1.tlog
C:\Users\Pavel\Dropbox\2012_Projects\TP\AppleTree\AppleTree\Debug\CL.write.1.tlog
C:\Users\Pavel\Dropbox\2012_Projects\TP\AppleTree\AppleTree\Debug\link-cvtres.read.1.tlog
C:\Users\Pavel\Dropbox\2012_Projects\TP\AppleTree\AppleTree\Debug\link-cvtres.write.1.tlog
C:\Users\Pavel\Dropbox\2012_Projects\TP\AppleTree\AppleTree\Debug\link-rc.read.1.tlog
C:\Users\Pavel\Dropbox\2012_Projects\TP\AppleTree\AppleTree\Debug\link-rc.write.1.tlog
C:\Users\Pavel\Dropbox\2012_Projects\TP\AppleTree\AppleTree\Debug\link.command.1.tlog
C:\Users\Pavel\Dropbox\2012_Projects\TP\AppleTree\AppleTree\Debug\link.read.1.tlog
C:\Users\Pavel\Dropbox\2012_Projects\TP\AppleTree\AppleTree\Debug\link.write.1.tlog
C:\Users\Pavel\Dropbox\2012_Projects\TP\AppleTree\AppleTree\Debug\vc110.idb
C:\Users\Pavel\Dropbox\2012_Projects\TP\AppleTree\AppleTree\Debug\vc110.pdb
C:\Users\Pavel\Dropbox\2012_Projects\TP\AppleTree\Debug\AppleTree.pdb
C:\Users\Pavel\Dropbox\2012_Projects\TP\AppleTree\Debug\AppleTree.exe
C:\Users\Pavel\Dropbox\2012_Projects\TP\AppleTree\Debug\AppleTree.ilk
